-------------------------------------------------------------------------------
Test set: TestSuite
-------------------------------------------------------------------------------
Tests run: 5, Failures: 1, Errors: 0, Skipped: 0, Time elapsed: 4.213 s <<< FAILURE! - in TestSuite
createTest(Test)  Time elapsed: 0.506 s  <<< FAILURE!
java.lang.AssertionError: 
1 expectation failed.
Expected status code <201> doesn't match actual status code <415>.

	at Test.createTest(Test.java:34)

